 lr: 0.005
 hidden_dim: 128
 num_layers: 5
 jk: cat
 patience: 400
 alpha: 1
 normalize: True
 k_plus: 4
 exponent: -0.25
 weight_penalty: exp
Namespace(seed=0, dataset='chameleon', dataset_directory='dataset', checkpoint_directory='checkpoint', undirected=False, self_loops=False, transpose=False, model='gnn',
 hidden_dim=128, num_layers=5, dropout=0.0, alpha=1, learn_alpha=False, conv_type='fabernet', normalize=True, jk='cat', weight_penalty='exp', k_plus=4, exponent=-0.25,
lrelu_slope=-1.0, zero_order=False, lr=0.005, weight_decay=0.0, num_epochs=10000, patience=400, num_runs=10, use_best_hyperparams=True, gpu_idx=0, num_workers=0, log='INFO', profiler=False)

start run:  0
────────────────────────────────────────────────────────────────────────────────────────────────────────────────────────────────────────────────────────────────────────
       Test metric             DataLoader 0
────────────────────────────────────────────────────────────────────────────────────────────────────────────────────────────────────────────────────────────────────────
        test_acc            0.7785087823867798
────────────────────────────────────────────────────────────────────────────────────────────────────────────────────────────────────────────────────────────────────────
Used time:  33.729230642318726

start run:  1
────────────────────────────────────────────────────────────────────────────────────────────────────────────────────────────────────────────────────────────────────────
       Test metric             DataLoader 0
────────────────────────────────────────────────────────────────────────────────────────────────────────────────────────────────────────────────────────────────────────
        test_acc            0.8092105388641357
────────────────────────────────────────────────────────────────────────────────────────────────────────────────────────────────────────────────────────────────────────
Used time:  59.242860555648804

start run:  2
────────────────────────────────────────────────────────────────────────────────────────────────────────────────────────────────────────────────────────────────────────
       Test metric             DataLoader 0
────────────────────────────────────────────────────────────────────────────────────────────────────────────────────────────────────────────────────────────────────────
        test_acc            0.7850877046585083
────────────────────────────────────────────────────────────────────────────────────────────────────────────────────────────────────────────────────────────────────────
Used time:  91.92765069007874

start run:  3
────────────────────────────────────────────────────────────────────────────────────────────────────────────────────────────────────────────────────────────────────────
       Test metric             DataLoader 0
────────────────────────────────────────────────────────────────────────────────────────────────────────────────────────────────────────────────────────────────────────
        test_acc            0.7785087823867798
────────────────────────────────────────────────────────────────────────────────────────────────────────────────────────────────────────────────────────────────────────
Used time:  119.29780912399292

start run:  4
────────────────────────────────────────────────────────────────────────────────────────────────────────────────────────────────────────────────────────────────────────
       Test metric             DataLoader 0
────────────────────────────────────────────────────────────────────────────────────────────────────────────────────────────────────────────────────────────────────────
        test_acc            0.7785087823867798
────────────────────────────────────────────────────────────────────────────────────────────────────────────────────────────────────────────────────────────────────────
Used time:  160.29621124267578

start run:  5
────────────────────────────────────────────────────────────────────────────────────────────────────────────────────────────────────────────────────────────────────────
       Test metric             DataLoader 0
────────────────────────────────────────────────────────────────────────────────────────────────────────────────────────────────────────────────────────────────────────
        test_acc            0.7938596606254578
────────────────────────────────────────────────────────────────────────────────────────────────────────────────────────────────────────────────────────────────────────
Used time:  198.19959449768066

start run:  6
────────────────────────────────────────────────────────────────────────────────────────────────────────────────────────────────────────────────────────────────────────
       Test metric             DataLoader 0
────────────────────────────────────────────────────────────────────────────────────────────────────────────────────────────────────────────────────────────────────────
        test_acc            0.7938596606254578
────────────────────────────────────────────────────────────────────────────────────────────────────────────────────────────────────────────────────────────────────────
Used time:  225.8221254348755

start run:  7
────────────────────────────────────────────────────────────────────────────────────────────────────────────────────────────────────────────────────────────────────────
       Test metric             DataLoader 0
────────────────────────────────────────────────────────────────────────────────────────────────────────────────────────────────────────────────────────────────────────
        test_acc            0.7894737124443054
────────────────────────────────────────────────────────────────────────────────────────────────────────────────────────────────────────────────────────────────────────
Used time:  253.4608519077301

start run:  8
────────────────────────────────────────────────────────────────────────────────────────────────────────────────────────────────────────────────────────────────────────
       Test metric             DataLoader 0
────────────────────────────────────────────────────────────────────────────────────────────────────────────────────────────────────────────────────────────────────────
        test_acc            0.7938596606254578
────────────────────────────────────────────────────────────────────────────────────────────────────────────────────────────────────────────────────────────────────────
Used time:  288.625212430954

start run:  9
────────────────────────────────────────────────────────────────────────────────────────────────────────────────────────────────────────────────────────────────────────
       Test metric             DataLoader 0
────────────────────────────────────────────────────────────────────────────────────────────────────────────────────────────────────────────────────────────────────────
        test_acc            0.8092105388641357
────────────────────────────────────────────────────────────────────────────────────────────────────────────────────────────────────────────────────────────────────────
Used time:  326.27941823005676
Test Acc: 0.7910087823867797 +- 0.010923168034548231
