 lr: 0.005
 hidden_dim: 128
 num_layers: 5
 jk: cat
 patience: 400
 alpha: 1
 normalize: True
 k_plus: 4
 exponent: -0.25
 weight_penalty: exp
Namespace(seed=10, dataset='chameleon', dataset_directory='dataset', checkpoint_directory='checkpoint', undirected=False, self_loops=False, transpose=False, model='gnn'
, hidden_dim=128, num_layers=5, dropout=0.0, alpha=1, learn_alpha=False, conv_type='fabernet', normalize=True, jk='cat', weight_penalty='exp', k_plus=4, exponent=-0.25,
 lrelu_slope=-1.0, zero_order=False, lr=0.005, weight_decay=0.0, num_epochs=10000, patience=400, num_runs=10, use_best_hyperparams=True, gpu_idx=0, num_workers=0, log='INFO', profiler=False)

start run:  0
────────────────────────────────────────────────────────────────────────────────────────────────────────────────────────────────────────────────────────────────────────       Test metric             DataLoader 0
────────────────────────────────────────────────────────────────────────────────────────────────────────────────────────────────────────────────────────────────────────        test_acc            0.7982456088066101
────────────────────────────────────────────────────────────────────────────────────────────────────────────────────────────────────────────────────────────────────────Used time:  50.58209156990051

start run:  1
────────────────────────────────────────────────────────────────────────────────────────────────────────────────────────────────────────────────────────────────────────
       Test metric             DataLoader 0
────────────────────────────────────────────────────────────────────────────────────────────────────────────────────────────────────────────────────────────────────────
        test_acc            0.8026315569877625
────────────────────────────────────────────────────────────────────────────────────────────────────────────────────────────────────────────────────────────────────────
Used time:  89.68389797210693

start run:  2
────────────────────────────────────────────────────────────────────────────────────────────────────────────────────────────────────────────────────────────────────────
       Test metric             DataLoader 0
────────────────────────────────────────────────────────────────────────────────────────────────────────────────────────────────────────────────────────────────────────
        test_acc            0.7916666865348816
────────────────────────────────────────────────────────────────────────────────────────────────────────────────────────────────────────────────────────────────────────
Used time:  137.88644361495972

start run:  3
────────────────────────────────────────────────────────────────────────────────────────────────────────────────────────────────────────────────────────────────────────
       Test metric             DataLoader 0
────────────────────────────────────────────────────────────────────────────────────────────────────────────────────────────────────────────────────────────────────────
        test_acc            0.7697368264198303
────────────────────────────────────────────────────────────────────────────────────────────────────────────────────────────────────────────────────────────────────────
Used time:  168.0989634990692

start run:  4
────────────────────────────────────────────────────────────────────────────────────────────────────────────────────────────────────────────────────────────────────────
       Test metric             DataLoader 0
────────────────────────────────────────────────────────────────────────────────────────────────────────────────────────────────────────────────────────────────────────
        test_acc            0.7916666865348816
────────────────────────────────────────────────────────────────────────────────────────────────────────────────────────────────────────────────────────────────────────
Used time:  211.22821521759033

start run:  5
────────────────────────────────────────────────────────────────────────────────────────────────────────────────────────────────────────────────────────────────────────
       Test metric             DataLoader 0
────────────────────────────────────────────────────────────────────────────────────────────────────────────────────────────────────────────────────────────────────────
        test_acc            0.8223684430122375
────────────────────────────────────────────────────────────────────────────────────────────────────────────────────────────────────────────────────────────────────────
Used time:  261.80278968811035

start run:  6
────────────────────────────────────────────────────────────────────────────────────────────────────────────────────────────────────────────────────────────────────────
       Test metric             DataLoader 0
────────────────────────────────────────────────────────────────────────────────────────────────────────────────────────────────────────────────────────────────────────
        test_acc            0.8004385828971863
────────────────────────────────────────────────────────────────────────────────────────────────────────────────────────────────────────────────────────────────────────
Used time:  284.53018283843994

start run:  7
────────────────────────────────────────────────────────────────────────────────────────────────────────────────────────────────────────────────────────────────────────
       Test metric             DataLoader 0
────────────────────────────────────────────────────────────────────────────────────────────────────────────────────────────────────────────────────────────────────────
        test_acc            0.7828947305679321
────────────────────────────────────────────────────────────────────────────────────────────────────────────────────────────────────────────────────────────────────────
Used time:  320.16582798957825

start run:  8
────────────────────────────────────────────────────────────────────────────────────────────────────────────────────────────────────────────────────────────────────────
       Test metric             DataLoader 0
────────────────────────────────────────────────────────────────────────────────────────────────────────────────────────────────────────────────────────────────────────
        test_acc            0.7828947305679321
────────────────────────────────────────────────────────────────────────────────────────────────────────────────────────────────────────────────────────────────────────
Used time:  360.0130662918091

start run:  9
────────────────────────────────────────────────────────────────────────────────────────────────────────────────────────────────────────────────────────────────────────
       Test metric             DataLoader 0
────────────────────────────────────────────────────────────────────────────────────────────────────────────────────────────────────────────────────────────────────────
        test_acc            0.8092105388641357
────────────────────────────────────────────────────────────────────────────────────────────────────────────────────────────────────────────────────────────────────────
Used time:  397.5384647846222
Test Acc: 0.795175439119339 +- 0.014151116966836987
